Base path: '/Applications/Unity/Hub/Editor/2019.4.0f1/Unity.app/Contents', plugins path '/Applications/Unity/Hub/Editor/2019.4.0f1/PlaybackEngines'
Cmd: initializeCompiler
Cmd: preprocess
  insize=1181 outsize=1181 ok=1
Cmd: preprocess
  insize=2026 outsize=1241 ok=1
Cmd: preprocess
  insize=3412 outsize=1570 ok=1
Cmd: preprocess
  insize=1737 outsize=1081 ok=1
Cmd: preprocess
  insize=3160 outsize=1801 ok=1
Cmd: preprocess
  insize=1203 outsize=1203 ok=1
Cmd: preprocess
  insize=1665 outsize=984 ok=1
Cmd: preprocess
  insize=3377 outsize=1313 ok=1
Cmd: preprocess
  insize=2011 outsize=1056 ok=1
Cmd: preprocess
  insize=1874 outsize=1078 ok=1
Cmd: preprocess
  insize=1702 outsize=871 ok=1
Cmd: preprocess
  insize=6141 outsize=1540 ok=1
Cmd: compileSnippet
  api=14 type=0 insize=10807 outsize=5325 kw=WATER_EDGEBLEND_ON WATER_REFLECTIVE WATER_VERTEX_DISPLACEMENT_ON pd=UNITY_ENABLE_REFLECTION_BUFFERS UNITY_USE_DITHER_MASK_FOR_ALPHABLENDED_SHADOWS UNITY_PBS_USE_BRDF1 UNITY_SPECCUBE_BOX_PROJECTION UNITY_SPECCUBE_BLENDING UNITY_ENABLE_DETAIL_NORMALMAP SHADER_API_DESKTOP UNITY_COLORSPACE_GAMMA UNITY_LIGHT_PROBE_PROXY_VOLUME UNITY_LIGHTMAP_FULL_HDR ok=1
Cmd: compileSnippet
  api=14 type=1 insize=10807 outsize=6318 kw=WATER_EDGEBLEND_ON WATER_REFLECTIVE WATER_VERTEX_DISPLACEMENT_ON pd=UNITY_ENABLE_REFLECTION_BUFFERS UNITY_USE_DITHER_MASK_FOR_ALPHABLENDED_SHADOWS UNITY_PBS_USE_BRDF1 UNITY_SPECCUBE_BOX_PROJECTION UNITY_SPECCUBE_BLENDING UNITY_ENABLE_DETAIL_NORMALMAP SHADER_API_DESKTOP UNITY_COLORSPACE_GAMMA UNITY_LIGHT_PROBE_PROXY_VOLUME UNITY_LIGHTMAP_FULL_HDR ok=1
