Base path: '/Applications/Unity/Hub/Editor/2019.4.0f1/Unity.app/Contents', plugins path '/Applications/Unity/Hub/Editor/2019.4.0f1/PlaybackEngines'
Cmd: initializeCompiler
Cmd: initializeCompiler
Cmd: compileComputeKernel
  api=14 insize=4443 outsize=3322 ok=1
Cmd: translateComputeKernel
  api=14 insize=3322 outsize=4485 ok=1
Cmd: compileComputeKernel
  api=14 insize=1522 outsize=1765 ok=1
Cmd: translateComputeKernel
  api=14 insize=1765 outsize=1924 ok=1
Cmd: compileComputeKernel
  api=4 insize=839 outsize=632 ok=1
Cmd: compileComputeKernel
  api=14 insize=4919 outsize=4158 ok=1
Cmd: translateComputeKernel
  api=14 insize=4242 outsize=5291 ok=1
Cmd: compileSnippet
  api=14 type=1 insize=316957 outsize=18785 kw=UNITY_PASS_FORWARDBASE DIRECTIONAL LIGHTPROBE_SH _NORMALMAP pd=UNITY_ENABLE_REFLECTION_BUFFERS UNITY_USE_DITHER_MASK_FOR_ALPHABLENDED_SHADOWS UNITY_PBS_USE_BRDF1 UNITY_SPECCUBE_BOX_PROJECTION UNITY_SPECCUBE_BLENDING UNITY_ENABLE_DETAIL_NORMALMAP SHADER_API_DESKTOP UNITY_COLORSPACE_GAMMA UNITY_LIGHT_PROBE_PROXY_VOLUME UNITY_LIGHTMAP_FULL_HDR ok=1

Quitting shader compiler process
